Watching for file changes with StatReloader
"GET /about/ HTTP/1.1" 200 8
"GET /change/ HTTP/1.1" 200 10
"GET /change/ HTTP/1.1" 200 8
"GET /change/ HTTP/1.1" 200 10
"GET /change/ HTTP/1.1" 200 10
"GET /change/ HTTP/1.1" 200 10
"GET /change/ HTTP/1.1" 200 10
"GET /change/ HTTP/1.1" 200 8
"GET /change/ HTTP/1.1" 200 10
"GET /change/ HTTP/1.1" 200 10
Not Found: /user
"GET /user HTTP/1.1" 404 2925
"GET /ugad/ HTTP/1.1" 200 2
"GET /ugad/ HTTP/1.1" 200 2
"GET /ugad/ HTTP/1.1" 200 2
"GET /ugad/ HTTP/1.1" 200 1
"GET /ugad/ HTTP/1.1" 200 2
"GET /ugad/ HTTP/1.1" 200 2
"GET /ugad/ HTTP/1.1" 200 2
"GET /ugad/ HTTP/1.1" 200 2
"GET /ugad/ HTTP/1.1" 200 2
"GET /ugad/ HTTP/1.1" 200 2
Watching for file changes with StatReloader
"GET /ugad/ HTTP/1.1" 200 2
"GET / HTTP/1.1" 200 613
D:\учеба олег\Django\Django\myDjango\myapp\views.py changed, reloading.
Watching for file changes with StatReloader
"GET / HTTP/1.1" 200 555
Not Found: /autobiograhy
"GET /autobiograhy HTTP/1.1" 404 2949
Not Found: /autobiography
"GET /autobiography HTTP/1.1" 404 2952
D:\учеба олег\Django\Django\myDjango\myapp\urls.py changed, reloading.
Watching for file changes with StatReloader
D:\учеба олег\Django\Django\myDjango\myapp\urls.py changed, reloading.
Watching for file changes with StatReloader
"GET /autobiography HTTP/1.1" 301 0
"GET /autobiography/ HTTP/1.1" 200 773
"GET / HTTP/1.1" 200 555
